<?xml version="1.0" encoding="UTF-8"?>
<!-- Generated by org.testng.reporters.JUnitReportReporter -->
<testsuite hostname="DESKTOP-95A989V" failures="0" tests="1" name="com.hybridPOCv1.testCases.TC_AddCustomer_003" time="20.852" errors="0" timestamp="2024-07-04T08:13:18 IST" skipped="0">
  <testcase classname="com.hybridPOCv1.testCases.TC_AddCustomer_003" name="addNewCustomer" time="20.852"/>
</testsuite> <!-- com.hybridPOCv1.testCases.TC_AddCustomer_003 -->
